[0m11:06:26.011838 [debug] [MainThread]: Sending event: {'category': 'dbt', 'action': 'invocation', 'label': 'start', 'context': [<snowplow_tracker.self_describing_json.SelfDescribingJson object at 0x0000029E9BE839B0>, <snowplow_tracker.self_describing_json.SelfDescribingJson object at 0x0000029E9ECBA9F0>, <snowplow_tracker.self_describing_json.SelfDescribingJson object at 0x0000029E9ECBB740>]}


============================== 11:06:26.044663 | 1b1d9633-edc3-4d8a-8e29-8cacbe32fc94 ==============================
[0m11:06:26.044663 [info ] [MainThread]: Running with dbt=1.10.15
[0m11:06:26.044663 [debug] [MainThread]: running dbt with arguments {'invocation_command': 'dbt init', 'cache_selected_only': 'False', 'no_print': 'None', 'log_format': 'default', 'target_path': 'None', 'warn_error': 'None', 'static_parser': 'True', 'fail_fast': 'False', 'log_path': 'logs', 'send_anonymous_usage_stats': 'True', 'partial_parse': 'True', 'warn_error_options': 'WarnErrorOptionsV2(error=[], warn=[], silence=[])', 'indirect_selection': 'eager', 'version_check': 'True', 'use_experimental_parser': 'False', 'introspect': 'True', 'quiet': 'False', 'empty': 'None', 'log_cache_events': 'False', 'debug': 'False', 'profiles_dir': 'C:\\Users\\750571\\.dbt', 'use_colors': 'True', 'printer_width': '80', 'write_json': 'True'}
[0m11:06:54.444193 [debug] [MainThread]: Starter project path: C:\Users\750571\Desktop\Python\dbt\DBT-Oracle\.venv\Lib\site-packages\dbt\include\starter_project
[0m11:06:54.496279 [info ] [MainThread]: 
Your new dbt project "dbt_oracle" was created!

For more information on how to configure the profiles.yml file,
please consult the dbt documentation here:

  https://docs.getdbt.com/docs/configure-your-profile

One more thing:

Need help? Don't hesitate to reach out to us via GitHub issues or on Slack:

  https://community.getdbt.com/

Happy modeling!

[0m11:06:54.497283 [info ] [MainThread]: Setting up your profile.
[0m11:07:01.041896 [info ] [MainThread]: oracle adapter: Running in thin mode
[0m11:09:37.172039 [info ] [MainThread]: Profile dbt_oracle written to C:\Users\750571\.dbt\profiles.yml using target's profile_template.yml and your supplied values. Run 'dbt debug' to validate the connection.
[0m11:09:37.179377 [debug] [MainThread]: Command `dbt init` succeeded at 11:09:37.179377 after 191.39 seconds
[0m11:09:37.179377 [debug] [MainThread]: Sending event: {'category': 'dbt', 'action': 'invocation', 'label': 'end', 'context': [<snowplow_tracker.self_describing_json.SelfDescribingJson object at 0x0000029E9FD2FFE0>, <snowplow_tracker.self_describing_json.SelfDescribingJson object at 0x0000029EA09A00E0>, <snowplow_tracker.self_describing_json.SelfDescribingJson object at 0x0000029EA0A32000>]}
[0m11:09:37.180243 [debug] [MainThread]: Flushing usage events
[0m11:09:37.255376 [debug] [MainThread]: An error was encountered while trying to flush usage events
[0m11:14:47.122552 [debug] [MainThread]: Sending event: {'category': 'dbt', 'action': 'invocation', 'label': 'start', 'context': [<snowplow_tracker.self_describing_json.SelfDescribingJson object at 0x000002AB11705460>, <snowplow_tracker.self_describing_json.SelfDescribingJson object at 0x000002AB12333FE0>, <snowplow_tracker.self_describing_json.SelfDescribingJson object at 0x000002AB122CE840>]}


============================== 11:14:47.122552 | fc7cbdef-f369-4a01-8dc7-078abf013191 ==============================
[0m11:14:47.122552 [info ] [MainThread]: Running with dbt=1.10.15
[0m11:14:47.122552 [debug] [MainThread]: running dbt with arguments {'cache_selected_only': 'False', 'target_path': 'None', 'use_colors': 'True', 'log_format': 'default', 'no_print': 'None', 'warn_error': 'None', 'log_path': 'logs', 'partial_parse': 'True', 'indirect_selection': 'eager', 'send_anonymous_usage_stats': 'True', 'static_parser': 'True', 'warn_error_options': 'WarnErrorOptionsV2(error=[], warn=[], silence=[])', 'fail_fast': 'False', 'use_experimental_parser': 'False', 'version_check': 'True', 'quiet': 'False', 'introspect': 'True', 'empty': 'None', 'log_cache_events': 'False', 'debug': 'False', 'profiles_dir': 'C:\\Users\\750571\\.dbt', 'invocation_command': 'dbt debug', 'printer_width': '80', 'write_json': 'True'}
[0m11:14:47.170409 [info ] [MainThread]: dbt version: 1.10.15
[0m11:14:47.170409 [info ] [MainThread]: python version: 3.12.10
[0m11:14:47.170409 [info ] [MainThread]: python path: C:\Users\750571\Desktop\Python\dbt\DBT-Oracle\.venv\Scripts\python.exe
[0m11:14:47.170409 [info ] [MainThread]: os info: Windows-11-10.0.22631-SP0
[0m11:14:47.188927 [error] [MainThread]: Encountered an error:
Parsing Error
  Env var required but not provided: 'DEALS_USER'
[0m11:14:47.191717 [debug] [MainThread]: Command `dbt debug` failed at 11:14:47.191717 after 0.26 seconds
[0m11:14:47.191717 [debug] [MainThread]: Sending event: {'category': 'dbt', 'action': 'invocation', 'label': 'end', 'context': [<snowplow_tracker.self_describing_json.SelfDescribingJson object at 0x000002AB12F30AD0>, <snowplow_tracker.self_describing_json.SelfDescribingJson object at 0x000002AB136D94C0>, <snowplow_tracker.self_describing_json.SelfDescribingJson object at 0x000002AB136C8B30>]}
[0m11:14:47.192829 [debug] [MainThread]: Flushing usage events
[0m11:14:47.201912 [debug] [MainThread]: An error was encountered while trying to flush usage events
[0m11:17:09.328111 [debug] [MainThread]: Sending event: {'category': 'dbt', 'action': 'invocation', 'label': 'start', 'context': [<snowplow_tracker.self_describing_json.SelfDescribingJson object at 0x0000020B91E257F0>, <snowplow_tracker.self_describing_json.SelfDescribingJson object at 0x0000020B95118AD0>, <snowplow_tracker.self_describing_json.SelfDescribingJson object at 0x0000020B95119670>]}


============================== 11:17:09.344350 | 7f44a3c7-914a-44f1-b38b-d7bedf7cee43 ==============================
[0m11:17:09.344350 [info ] [MainThread]: Running with dbt=1.10.15
[0m11:17:09.344350 [debug] [MainThread]: running dbt with arguments {'printer_width': '80', 'use_colors': 'True', 'log_format': 'default', 'no_print': 'None', 'write_json': 'True', 'warn_error': 'None', 'indirect_selection': 'eager', 'partial_parse': 'True', 'static_parser': 'True', 'send_anonymous_usage_stats': 'True', 'fail_fast': 'False', 'warn_error_options': 'WarnErrorOptionsV2(error=[], warn=[], silence=[])', 'log_path': 'logs', 'use_experimental_parser': 'False', 'version_check': 'True', 'introspect': 'True', 'quiet': 'False', 'empty': 'None', 'log_cache_events': 'False', 'debug': 'False', 'profiles_dir': 'C:\\Users\\750571\\.dbt', 'invocation_command': 'dbt debug', 'cache_selected_only': 'False', 'target_path': 'None'}
[0m11:17:09.360599 [info ] [MainThread]: dbt version: 1.10.15
[0m11:17:09.360599 [info ] [MainThread]: python version: 3.12.10
[0m11:17:09.361589 [info ] [MainThread]: python path: C:\Users\750571\Desktop\Python\dbt\DBT-Oracle\.venv\Scripts\python.exe
[0m11:17:09.361589 [info ] [MainThread]: os info: Windows-11-10.0.22631-SP0
[0m11:17:09.364662 [error] [MainThread]: Encountered an error:
Parsing Error
  Env var required but not provided: 'DEALS_USER'
[0m11:17:09.364662 [debug] [MainThread]: Command `dbt debug` failed at 11:17:09.364662 after 0.19 seconds
[0m11:17:09.364662 [debug] [MainThread]: Sending event: {'category': 'dbt', 'action': 'invocation', 'label': 'end', 'context': [<snowplow_tracker.self_describing_json.SelfDescribingJson object at 0x0000020B95AC8170>, <snowplow_tracker.self_describing_json.SelfDescribingJson object at 0x0000020B9717F020>, <snowplow_tracker.self_describing_json.SelfDescribingJson object at 0x0000020B970EA420>]}
[0m11:17:09.368744 [debug] [MainThread]: Flushing usage events
[0m11:17:09.383508 [debug] [MainThread]: An error was encountered while trying to flush usage events
[0m11:20:07.844216 [debug] [MainThread]: Sending event: {'category': 'dbt', 'action': 'invocation', 'label': 'start', 'context': [<snowplow_tracker.self_describing_json.SelfDescribingJson object at 0x00000249F2642900>, <snowplow_tracker.self_describing_json.SelfDescribingJson object at 0x00000249EE40CBF0>, <snowplow_tracker.self_describing_json.SelfDescribingJson object at 0x00000249EFCFE570>]}


============================== 11:20:07.859231 | 2728c368-d1f2-4f07-82c7-3064c2a9660e ==============================
[0m11:20:07.859231 [info ] [MainThread]: Running with dbt=1.10.15
[0m11:20:07.859231 [debug] [MainThread]: running dbt with arguments {'no_print': 'None', 'target_path': 'None', 'use_colors': 'True', 'log_format': 'default', 'cache_selected_only': 'False', 'warn_error': 'None', 'log_path': 'logs', 'partial_parse': 'True', 'static_parser': 'True', 'send_anonymous_usage_stats': 'True', 'fail_fast': 'False', 'warn_error_options': 'WarnErrorOptionsV2(error=[], warn=[], silence=[])', 'indirect_selection': 'eager', 'version_check': 'True', 'use_experimental_parser': 'False', 'quiet': 'False', 'introspect': 'True', 'empty': 'None', 'log_cache_events': 'False', 'debug': 'False', 'profiles_dir': 'C:\\Users\\750571\\.dbt', 'invocation_command': 'dbt debug', 'printer_width': '80', 'write_json': 'True'}
[0m11:20:07.876106 [info ] [MainThread]: dbt version: 1.10.15
[0m11:20:07.876106 [info ] [MainThread]: python version: 3.12.10
[0m11:20:07.876106 [info ] [MainThread]: python path: C:\Users\750571\Desktop\Python\dbt\DBT-Oracle\.venv\Scripts\python.exe
[0m11:20:07.876106 [info ] [MainThread]: os info: Windows-11-10.0.22631-SP0
[0m11:20:07.952052 [info ] [MainThread]: oracle adapter: Running in thin mode
[0m11:20:08.005504 [error] [MainThread]: Encountered an error:
Parsing Error
  Env var required but not provided: 'CRDBSUAT_USER'
[0m11:20:08.006505 [debug] [MainThread]: Command `dbt debug` failed at 11:20:08.006505 after 0.36 seconds
[0m11:20:08.007573 [debug] [MainThread]: Sending event: {'category': 'dbt', 'action': 'invocation', 'label': 'end', 'context': [<snowplow_tracker.self_describing_json.SelfDescribingJson object at 0x00000249F26C8320>, <snowplow_tracker.self_describing_json.SelfDescribingJson object at 0x00000249F41839B0>, <snowplow_tracker.self_describing_json.SelfDescribingJson object at 0x00000249F437DF10>]}
[0m11:20:08.007573 [debug] [MainThread]: Flushing usage events
[0m11:20:08.023470 [debug] [MainThread]: An error was encountered while trying to flush usage events
[0m11:22:14.552291 [debug] [MainThread]: Sending event: {'category': 'dbt', 'action': 'invocation', 'label': 'start', 'context': [<snowplow_tracker.self_describing_json.SelfDescribingJson object at 0x000002B672E5CBF0>, <snowplow_tracker.self_describing_json.SelfDescribingJson object at 0x000002B677DA0350>, <snowplow_tracker.self_describing_json.SelfDescribingJson object at 0x000002B677DA1040>]}


============================== 11:22:14.552291 | df26befb-00e6-4665-8526-4559beaa8ebb ==============================
[0m11:22:14.552291 [info ] [MainThread]: Running with dbt=1.10.15
[0m11:22:14.552291 [debug] [MainThread]: running dbt with arguments {'write_json': 'True', 'printer_width': '80', 'profiles_dir': 'C:\\Users\\750571\\.dbt', 'no_print': 'None', 'invocation_command': 'dbt debug', 'warn_error': 'None', 'static_parser': 'True', 'fail_fast': 'False', 'indirect_selection': 'eager', 'send_anonymous_usage_stats': 'True', 'partial_parse': 'True', 'warn_error_options': 'WarnErrorOptionsV2(error=[], warn=[], silence=[])', 'log_path': 'logs', 'version_check': 'True', 'use_experimental_parser': 'False', 'quiet': 'False', 'introspect': 'True', 'empty': 'None', 'log_cache_events': 'False', 'debug': 'False', 'log_format': 'default', 'use_colors': 'True', 'cache_selected_only': 'False', 'target_path': 'None'}
[0m11:22:14.582374 [info ] [MainThread]: dbt version: 1.10.15
[0m11:22:14.582374 [info ] [MainThread]: python version: 3.12.10
[0m11:22:14.582374 [info ] [MainThread]: python path: C:\Users\750571\Desktop\Python\dbt\DBT-Oracle\.venv\Scripts\python.exe
[0m11:22:14.583373 [info ] [MainThread]: os info: Windows-11-10.0.22631-SP0
[0m11:22:14.663341 [info ] [MainThread]: oracle adapter: Running in thin mode
[0m11:22:14.712155 [info ] [MainThread]: Using profiles dir at C:\Users\750571\.dbt
[0m11:22:14.713156 [info ] [MainThread]: Using profiles.yml file at C:\Users\750571\.dbt\profiles.yml
[0m11:22:14.713156 [info ] [MainThread]: Using dbt_project.yml file at C:\Users\750571\Desktop\Python\dbt\DBT-Oracle\dbt_project.yml
[0m11:22:14.714154 [error] [MainThread]: Encountered an error:
Internal Error
  Profile should not be None if loading profile completed
[0m11:22:14.715483 [debug] [MainThread]: Command `dbt debug` failed at 11:22:14.715483 after 0.41 seconds
[0m11:22:14.715483 [debug] [MainThread]: Sending event: {'category': 'dbt', 'action': 'invocation', 'label': 'end', 'context': [<snowplow_tracker.self_describing_json.SelfDescribingJson object at 0x000002B6771CA5A0>, <snowplow_tracker.self_describing_json.SelfDescribingJson object at 0x000002B678D84440>, <snowplow_tracker.self_describing_json.SelfDescribingJson object at 0x000002B678F28530>]}
[0m11:22:14.715483 [debug] [MainThread]: Flushing usage events
[0m11:22:14.736563 [debug] [MainThread]: An error was encountered while trying to flush usage events
[0m11:22:40.624734 [debug] [MainThread]: Sending event: {'category': 'dbt', 'action': 'invocation', 'label': 'start', 'context': [<snowplow_tracker.self_describing_json.SelfDescribingJson object at 0x000002406BA0CBF0>, <snowplow_tracker.self_describing_json.SelfDescribingJson object at 0x0000024070EBEC60>, <snowplow_tracker.self_describing_json.SelfDescribingJson object at 0x00000240704A86B0>]}


============================== 11:22:40.630296 | 09727b76-415d-4613-92db-1b61256300e3 ==============================
[0m11:22:40.630296 [info ] [MainThread]: Running with dbt=1.10.15
[0m11:22:40.630296 [debug] [MainThread]: running dbt with arguments {'use_colors': 'True', 'profiles_dir': 'C:\\Users\\750571\\.dbt', 'no_print': 'None', 'target_path': 'None', 'printer_width': '80', 'warn_error': 'None', 'log_path': 'logs', 'partial_parse': 'True', 'indirect_selection': 'eager', 'send_anonymous_usage_stats': 'True', 'static_parser': 'True', 'warn_error_options': 'WarnErrorOptionsV2(error=[], warn=[], silence=[])', 'fail_fast': 'False', 'version_check': 'True', 'use_experimental_parser': 'False', 'quiet': 'False', 'introspect': 'True', 'empty': 'None', 'log_cache_events': 'False', 'debug': 'False', 'log_format': 'default', 'invocation_command': 'dbt debug', 'cache_selected_only': 'False', 'write_json': 'True'}
[0m11:22:40.647300 [info ] [MainThread]: dbt version: 1.10.15
[0m11:22:40.647300 [info ] [MainThread]: python version: 3.12.10
[0m11:22:40.647300 [info ] [MainThread]: python path: C:\Users\750571\Desktop\Python\dbt\DBT-Oracle\.venv\Scripts\python.exe
[0m11:22:40.647300 [info ] [MainThread]: os info: Windows-11-10.0.22631-SP0
[0m11:22:40.721986 [info ] [MainThread]: oracle adapter: Running in thin mode
[0m11:22:40.777557 [info ] [MainThread]: Using profiles dir at C:\Users\750571\.dbt
[0m11:22:40.777557 [info ] [MainThread]: Using profiles.yml file at C:\Users\750571\.dbt\profiles.yml
[0m11:22:40.777557 [info ] [MainThread]: Using dbt_project.yml file at C:\Users\750571\Desktop\Python\dbt\DBT-Oracle\dbt_project.yml
[0m11:22:40.814747 [info ] [MainThread]: adapter type: oracle
[0m11:22:40.819544 [info ] [MainThread]: adapter version: 1.9.4
[0m11:22:40.819544 [info ] [MainThread]: Configuration:
[0m11:22:40.820560 [info ] [MainThread]:   profiles.yml file [[32mOK found and valid[0m]
[0m11:22:40.820560 [info ] [MainThread]:   dbt_project.yml file [[31mERROR not found[0m]
[0m11:22:40.821554 [info ] [MainThread]: Required dependencies:
[0m11:22:40.821554 [debug] [MainThread]: Executing "git --help"
[0m11:22:40.872603 [debug] [MainThread]: STDOUT: "b"usage: git [-v | --version] [-h | --help] [-C <path>] [-c <name>=<value>]\n           [--exec-path[=<path>]] [--html-path] [--man-path] [--info-path]\n           [-p | --paginate | -P | --no-pager] [--no-replace-objects] [--no-lazy-fetch]\n           [--no-optional-locks] [--no-advice] [--bare] [--git-dir=<path>]\n           [--work-tree=<path>] [--namespace=<name>] [--config-env=<name>=<envvar>]\n           <command> [<args>]\n\nThese are common Git commands used in various situations:\n\nstart a working area (see also: git help tutorial)\n   clone     Clone a repository into a new directory\n   init      Create an empty Git repository or reinitialize an existing one\n\nwork on the current change (see also: git help everyday)\n   add       Add file contents to the index\n   mv        Move or rename a file, a directory, or a symlink\n   restore   Restore working tree files\n   rm        Remove files from the working tree and from the index\n\nexamine the history and state (see also: git help revisions)\n   bisect    Use binary search to find the commit that introduced a bug\n   diff      Show changes between commits, commit and working tree, etc\n   grep      Print lines matching a pattern\n   log       Show commit logs\n   show      Show various types of objects\n   status    Show the working tree status\n\ngrow, mark and tweak your common history\n   branch    List, create, or delete branches\n   commit    Record changes to the repository\n   merge     Join two or more development histories together\n   rebase    Reapply commits on top of another base tip\n   reset     Reset current HEAD to the specified state\n   switch    Switch branches\n   tag       Create, list, delete or verify a tag object signed with GPG\n\ncollaborate (see also: git help workflows)\n   fetch     Download objects and refs from another repository\n   pull      Fetch from and integrate with another repository or a local branch\n   push      Update remote refs along with associated objects\n\n'git help -a' and 'git help -g' list available subcommands and some\nconcept guides. See 'git help <command>' or 'git help <concept>'\nto read about a specific subcommand or concept.\nSee 'git help git' for an overview of the system.\n""
[0m11:22:40.873601 [debug] [MainThread]: STDERR: "b''"
[0m11:22:40.873601 [info ] [MainThread]:  - git [[32mOK found[0m]

[0m11:22:40.874603 [info ] [MainThread]: Connection:
[0m11:22:40.874603 [info ] [MainThread]:   user: x750571
[0m11:22:40.874603 [info ] [MainThread]:   database: DEALDEV
[0m11:22:40.874603 [info ] [MainThread]:   schema: x750571
[0m11:22:40.874603 [info ] [MainThread]:   protocol: tcp
[0m11:22:40.874603 [info ] [MainThread]:   host: 10.110.163.181
[0m11:22:40.874603 [info ] [MainThread]:   port: 1521
[0m11:22:40.874603 [info ] [MainThread]:   tns_name: None
[0m11:22:40.874603 [info ] [MainThread]:   service: DEALDEV
[0m11:22:40.874603 [info ] [MainThread]:   connection_string: None
[0m11:22:40.874603 [info ] [MainThread]:   shardingkey: []
[0m11:22:40.874603 [info ] [MainThread]:   supershardingkey: []
[0m11:22:40.874603 [info ] [MainThread]:   cclass: None
[0m11:22:40.874603 [info ] [MainThread]:   purity: None
[0m11:22:40.874603 [info ] [MainThread]:   retry_count: 1
[0m11:22:40.880658 [info ] [MainThread]:   retry_delay: 3
[0m11:22:40.880658 [info ] [MainThread]:   oml_cloud_service_url: None
[0m11:22:40.881462 [info ] [MainThread]:   session_info: {}
[0m11:22:40.882479 [info ] [MainThread]: Registered adapter: oracle=1.9.4
[0m11:22:41.401520 [debug] [MainThread]: Acquiring new oracle connection 'debug'
[0m11:22:49.811290 [debug] [MainThread]: Using oracle connection "debug"
[0m11:22:49.811290 [debug] [MainThread]: On debug: select 1 as id from dual
[0m11:22:49.811290 [debug] [MainThread]: Opening a new connection, currently in state init
[0m11:22:49.811290 [debug] [MainThread]: oracle adapter: Attempting to connect using Oracle method: 'OracleConnectionMethod.HOST' and dsn: 'tcp://10.110.163.181:1521/DEALDEV?retry_count=1&retry_delay=3'
[0m11:22:50.212351 [debug] [MainThread]: oracle adapter: Session info :{"action": "DBT RUN", "client_identifier": "dbt-oracle-client-826f0af5-11c7-4b90-ad6f-71ceca573860", "clientinfo": "USLGL77VW3_AMD64", "module": "dbt-1.10.15"}
[0m11:22:50.259440 [debug] [MainThread]: SQL status: OK in 0.000 seconds
[0m11:22:50.259440 [debug] [MainThread]: On debug: Close
[0m11:22:50.307123 [info ] [MainThread]:   Connection test: [[32mOK connection ok[0m]

[0m11:22:50.308739 [info ] [MainThread]: [31m1 check failed:[0m
[0m11:22:50.308739 [info ] [MainThread]: Project loading failed for the following reason:
 project path <C:\Users\750571\Desktop\Python\dbt\DBT-Oracle\dbt_project.yml> not found

[0m11:22:50.309548 [debug] [MainThread]: Command `dbt debug` failed at 11:22:50.309548 after 9.89 seconds
[0m11:22:50.309548 [debug] [MainThread]: Connection 'debug' was properly closed.
[0m11:22:50.309548 [debug] [MainThread]: Sending event: {'category': 'dbt', 'action': 'invocation', 'label': 'end', 'context': [<snowplow_tracker.self_describing_json.SelfDescribingJson object at 0x000002407051EC30>, <snowplow_tracker.self_describing_json.SelfDescribingJson object at 0x0000024071982270>, <snowplow_tracker.self_describing_json.SelfDescribingJson object at 0x0000024071807B00>]}
[0m11:22:50.309548 [debug] [MainThread]: Flushing usage events
[0m11:22:50.324783 [debug] [MainThread]: An error was encountered while trying to flush usage events
[0m11:48:39.385556 [debug] [MainThread]: Sending event: {'category': 'dbt', 'action': 'invocation', 'label': 'start', 'context': [<snowplow_tracker.self_describing_json.SelfDescribingJson object at 0x000001A58F2186E0>, <snowplow_tracker.self_describing_json.SelfDescribingJson object at 0x000001A58A05CBF0>, <snowplow_tracker.self_describing_json.SelfDescribingJson object at 0x000001A58B4645F0>]}


============================== 11:48:39.416681 | eeb078e8-c51d-433e-bd33-faddd5239075 ==============================
[0m11:48:39.416681 [info ] [MainThread]: Running with dbt=1.10.15
[0m11:48:39.416681 [debug] [MainThread]: running dbt with arguments {'log_format': 'default', 'use_colors': 'True', 'target_path': 'None', 'no_print': 'None', 'printer_width': '80', 'warn_error': 'None', 'static_parser': 'True', 'fail_fast': 'False', 'partial_parse': 'True', 'send_anonymous_usage_stats': 'True', 'log_path': 'logs', 'warn_error_options': 'WarnErrorOptionsV2(error=[], warn=[], silence=[])', 'indirect_selection': 'eager', 'version_check': 'True', 'use_experimental_parser': 'False', 'quiet': 'False', 'introspect': 'True', 'empty': 'False', 'log_cache_events': 'False', 'debug': 'False', 'profiles_dir': 'C:\\Users\\750571\\.dbt', 'invocation_command': 'dbt run', 'cache_selected_only': 'False', 'write_json': 'True'}
[0m11:48:39.416681 [error] [MainThread]: Encountered an error:
Runtime Error
  No dbt_project.yml found at expected path C:\Users\750571\Desktop\Python\dbt\DBT-Oracle\dbt_project.yml
  Verify that each entry within packages.yml (and their transitive dependencies) contains a file named dbt_project.yml
  
[0m11:48:39.420766 [debug] [MainThread]: Command `dbt run` failed at 11:48:39.420766 after 0.28 seconds
[0m11:48:39.421295 [debug] [MainThread]: Sending event: {'category': 'dbt', 'action': 'invocation', 'label': 'end', 'context': [<snowplow_tracker.self_describing_json.SelfDescribingJson object at 0x000001A58D98EF00>, <snowplow_tracker.self_describing_json.SelfDescribingJson object at 0x000001A58F9E9FA0>, <snowplow_tracker.self_describing_json.SelfDescribingJson object at 0x000001A58F91E780>]}
[0m11:48:39.421295 [debug] [MainThread]: Flushing usage events
[0m11:48:39.466051 [debug] [MainThread]: An error was encountered while trying to flush usage events
